<?xml version="1.0" encoding="UTF-8"?>
<testsuite xmlns:xsi="http://www.w3.org/2001/XMLSchema-instance" xsi:noNamespaceSchemaLocation="https://maven.apache.org/surefire/maven-surefire-plugin/xsd/surefire-test-report.xsd" name="com.hhf.seckilldemo.SeckillDemoApplicationTests" time="4.598" tests="1" errors="0" skipped="0" failures="0">
  <properties>
    <property name="sun.desktop" value="windows"/>
    <property name="awt.toolkit" value="sun.awt.windows.WToolkit"/>
    <property name="file.encoding.pkg" value="sun.io"/>
    <property name="java.specification.version" value="1.8"/>
    <property name="sun.cpu.isalist" value="amd64"/>
    <property name="sun.jnu.encoding" value="GBK"/>
    <property name="java.class.path" value="D:\Javaproject\seckill-demo\target\test-classes;D:\Javaproject\seckill-demo\target\classes;D:\maven\Localwarehouse\org\springframework\boot\spring-boot-starter-thymeleaf\2.6.2\spring-boot-starter-thymeleaf-2.6.2.jar;D:\maven\Localwarehouse\org\springframework\boot\spring-boot-starter\2.6.2\spring-boot-starter-2.6.2.jar;D:\maven\Localwarehouse\org\springframework\boot\spring-boot-starter-logging\2.6.2\spring-boot-starter-logging-2.6.2.jar;D:\maven\Localwarehouse\ch\qos\logback\logback-classic\1.2.9\logback-classic-1.2.9.jar;D:\maven\Localwarehouse\ch\qos\logback\logback-core\1.2.9\logback-core-1.2.9.jar;D:\maven\Localwarehouse\org\apache\logging\log4j\log4j-to-slf4j\2.17.0\log4j-to-slf4j-2.17.0.jar;D:\maven\Localwarehouse\org\apache\logging\log4j\log4j-api\2.17.0\log4j-api-2.17.0.jar;D:\maven\Localwarehouse\org\slf4j\jul-to-slf4j\1.7.32\jul-to-slf4j-1.7.32.jar;D:\maven\Localwarehouse\jakarta\annotation\jakarta.annotation-api\1.3.5\jakarta.annotation-api-1.3.5.jar;D:\maven\Localwarehouse\org\yaml\snakeyaml\1.29\snakeyaml-1.29.jar;D:\maven\Localwarehouse\org\thymeleaf\thymeleaf-spring5\3.0.14.RELEASE\thymeleaf-spring5-3.0.14.RELEASE.jar;D:\maven\Localwarehouse\org\thymeleaf\thymeleaf\3.0.14.RELEASE\thymeleaf-3.0.14.RELEASE.jar;D:\maven\Localwarehouse\org\attoparser\attoparser\2.0.5.RELEASE\attoparser-2.0.5.RELEASE.jar;D:\maven\Localwarehouse\org\unbescape\unbescape\1.1.6.RELEASE\unbescape-1.1.6.RELEASE.jar;D:\maven\Localwarehouse\org\slf4j\slf4j-api\1.7.32\slf4j-api-1.7.32.jar;D:\maven\Localwarehouse\org\thymeleaf\extras\thymeleaf-extras-java8time\3.0.4.RELEASE\thymeleaf-extras-java8time-3.0.4.RELEASE.jar;D:\maven\Localwarehouse\org\springframework\boot\spring-boot-starter-web\2.6.2\spring-boot-starter-web-2.6.2.jar;D:\maven\Localwarehouse\org\springframework\boot\spring-boot-starter-json\2.6.2\spring-boot-starter-json-2.6.2.jar;D:\maven\Localwarehouse\com\fasterxml\jackson\core\jackson-databind\2.13.1\jackson-databind-2.13.1.jar;D:\maven\Localwarehouse\com\fasterxml\jackson\core\jackson-annotations\2.13.1\jackson-annotations-2.13.1.jar;D:\maven\Localwarehouse\com\fasterxml\jackson\core\jackson-core\2.13.1\jackson-core-2.13.1.jar;D:\maven\Localwarehouse\com\fasterxml\jackson\datatype\jackson-datatype-jdk8\2.13.1\jackson-datatype-jdk8-2.13.1.jar;D:\maven\Localwarehouse\com\fasterxml\jackson\datatype\jackson-datatype-jsr310\2.13.1\jackson-datatype-jsr310-2.13.1.jar;D:\maven\Localwarehouse\com\fasterxml\jackson\module\jackson-module-parameter-names\2.13.1\jackson-module-parameter-names-2.13.1.jar;D:\maven\Localwarehouse\org\springframework\boot\spring-boot-starter-tomcat\2.6.2\spring-boot-starter-tomcat-2.6.2.jar;D:\maven\Localwarehouse\org\apache\tomcat\embed\tomcat-embed-core\9.0.56\tomcat-embed-core-9.0.56.jar;D:\maven\Localwarehouse\org\apache\tomcat\embed\tomcat-embed-websocket\9.0.56\tomcat-embed-websocket-9.0.56.jar;D:\maven\Localwarehouse\org\springframework\spring-web\5.3.14\spring-web-5.3.14.jar;D:\maven\Localwarehouse\org\springframework\spring-beans\5.3.14\spring-beans-5.3.14.jar;D:\maven\Localwarehouse\org\springframework\spring-webmvc\5.3.14\spring-webmvc-5.3.14.jar;D:\maven\Localwarehouse\org\springframework\spring-aop\5.3.14\spring-aop-5.3.14.jar;D:\maven\Localwarehouse\org\springframework\spring-context\5.3.14\spring-context-5.3.14.jar;D:\maven\Localwarehouse\org\springframework\spring-expression\5.3.14\spring-expression-5.3.14.jar;D:\maven\Localwarehouse\org\springframework\boot\spring-boot-devtools\2.6.2\spring-boot-devtools-2.6.2.jar;D:\maven\Localwarehouse\org\springframework\boot\spring-boot\2.6.2\spring-boot-2.6.2.jar;D:\maven\Localwarehouse\org\springframework\boot\spring-boot-autoconfigure\2.6.2\spring-boot-autoconfigure-2.6.2.jar;D:\maven\Localwarehouse\mysql\mysql-connector-java\8.0.27\mysql-connector-java-8.0.27.jar;D:\maven\Localwarehouse\org\springframework\boot\spring-boot-configuration-processor\2.6.2\spring-boot-configuration-processor-2.6.2.jar;D:\maven\Localwarehouse\org\projectlombok\lombok\1.18.22\lombok-1.18.22.jar;D:\maven\Localwarehouse\org\springframework\boot\spring-boot-starter-test\2.6.2\spring-boot-starter-test-2.6.2.jar;D:\maven\Localwarehouse\org\springframework\boot\spring-boot-test\2.6.2\spring-boot-test-2.6.2.jar;D:\maven\Localwarehouse\org\springframework\boot\spring-boot-test-autoconfigure\2.6.2\spring-boot-test-autoconfigure-2.6.2.jar;D:\maven\Localwarehouse\com\jayway\jsonpath\json-path\2.6.0\json-path-2.6.0.jar;D:\maven\Localwarehouse\net\minidev\json-smart\2.4.7\json-smart-2.4.7.jar;D:\maven\Localwarehouse\net\minidev\accessors-smart\2.4.7\accessors-smart-2.4.7.jar;D:\maven\Localwarehouse\org\ow2\asm\asm\9.1\asm-9.1.jar;D:\maven\Localwarehouse\jakarta\xml\bind\jakarta.xml.bind-api\2.3.3\jakarta.xml.bind-api-2.3.3.jar;D:\maven\Localwarehouse\jakarta\activation\jakarta.activation-api\1.2.2\jakarta.activation-api-1.2.2.jar;D:\maven\Localwarehouse\org\assertj\assertj-core\3.21.0\assertj-core-3.21.0.jar;D:\maven\Localwarehouse\org\hamcrest\hamcrest\2.2\hamcrest-2.2.jar;D:\maven\Localwarehouse\org\junit\jupiter\junit-jupiter\5.8.2\junit-jupiter-5.8.2.jar;D:\maven\Localwarehouse\org\junit\jupiter\junit-jupiter-api\5.8.2\junit-jupiter-api-5.8.2.jar;D:\maven\Localwarehouse\org\opentest4j\opentest4j\1.2.0\opentest4j-1.2.0.jar;D:\maven\Localwarehouse\org\junit\platform\junit-platform-commons\1.8.2\junit-platform-commons-1.8.2.jar;D:\maven\Localwarehouse\org\apiguardian\apiguardian-api\1.1.2\apiguardian-api-1.1.2.jar;D:\maven\Localwarehouse\org\junit\jupiter\junit-jupiter-params\5.8.2\junit-jupiter-params-5.8.2.jar;D:\maven\Localwarehouse\org\junit\jupiter\junit-jupiter-engine\5.8.2\junit-jupiter-engine-5.8.2.jar;D:\maven\Localwarehouse\org\junit\platform\junit-platform-engine\1.8.2\junit-platform-engine-1.8.2.jar;D:\maven\Localwarehouse\org\mockito\mockito-core\4.0.0\mockito-core-4.0.0.jar;D:\maven\Localwarehouse\net\bytebuddy\byte-buddy\1.11.22\byte-buddy-1.11.22.jar;D:\maven\Localwarehouse\net\bytebuddy\byte-buddy-agent\1.11.22\byte-buddy-agent-1.11.22.jar;D:\maven\Localwarehouse\org\objenesis\objenesis\3.2\objenesis-3.2.jar;D:\maven\Localwarehouse\org\mockito\mockito-junit-jupiter\4.0.0\mockito-junit-jupiter-4.0.0.jar;D:\maven\Localwarehouse\org\skyscreamer\jsonassert\1.5.0\jsonassert-1.5.0.jar;D:\maven\Localwarehouse\com\vaadin\external\google\android-json\0.0.20131108.vaadin1\android-json-0.0.20131108.vaadin1.jar;D:\maven\Localwarehouse\org\springframework\spring-core\5.3.14\spring-core-5.3.14.jar;D:\maven\Localwarehouse\org\springframework\spring-jcl\5.3.14\spring-jcl-5.3.14.jar;D:\maven\Localwarehouse\org\springframework\spring-test\5.3.14\spring-test-5.3.14.jar;D:\maven\Localwarehouse\org\xmlunit\xmlunit-core\2.8.4\xmlunit-core-2.8.4.jar;D:\maven\Localwarehouse\com\baomidou\mybatis-plus-boot-starter\3.5.0\mybatis-plus-boot-starter-3.5.0.jar;D:\maven\Localwarehouse\com\baomidou\mybatis-plus\3.5.0\mybatis-plus-3.5.0.jar;D:\maven\Localwarehouse\com\baomidou\mybatis-plus-extension\3.5.0\mybatis-plus-extension-3.5.0.jar;D:\maven\Localwarehouse\com\baomidou\mybatis-plus-core\3.5.0\mybatis-plus-core-3.5.0.jar;D:\maven\Localwarehouse\com\baomidou\mybatis-plus-annotation\3.5.0\mybatis-plus-annotation-3.5.0.jar;D:\maven\Localwarehouse\com\github\jsqlparser\jsqlparser\4.3\jsqlparser-4.3.jar;D:\maven\Localwarehouse\org\mybatis\mybatis\3.5.9\mybatis-3.5.9.jar;D:\maven\Localwarehouse\org\mybatis\mybatis-spring\2.0.6\mybatis-spring-2.0.6.jar;D:\maven\Localwarehouse\org\springframework\boot\spring-boot-starter-jdbc\2.6.2\spring-boot-starter-jdbc-2.6.2.jar;D:\maven\Localwarehouse\com\zaxxer\HikariCP\4.0.3\HikariCP-4.0.3.jar;D:\maven\Localwarehouse\org\springframework\spring-jdbc\5.3.14\spring-jdbc-5.3.14.jar;D:\maven\Localwarehouse\commons-codec\commons-codec\1.15\commons-codec-1.15.jar;D:\maven\Localwarehouse\org\apache\commons\commons-lang3\3.6\commons-lang3-3.6.jar;D:\maven\Localwarehouse\junit\junit\4.13\junit-4.13.jar;D:\maven\Localwarehouse\org\hamcrest\hamcrest-core\2.2\hamcrest-core-2.2.jar;D:\maven\Localwarehouse\org\springframework\boot\spring-boot-starter-validation\2.6.2\spring-boot-starter-validation-2.6.2.jar;D:\maven\Localwarehouse\org\apache\tomcat\embed\tomcat-embed-el\9.0.56\tomcat-embed-el-9.0.56.jar;D:\maven\Localwarehouse\org\hibernate\validator\hibernate-validator\6.2.0.Final\hibernate-validator-6.2.0.Final.jar;D:\maven\Localwarehouse\jakarta\validation\jakarta.validation-api\2.0.2\jakarta.validation-api-2.0.2.jar;D:\maven\Localwarehouse\org\jboss\logging\jboss-logging\3.4.2.Final\jboss-logging-3.4.2.Final.jar;D:\maven\Localwarehouse\com\fasterxml\classmate\1.5.1\classmate-1.5.1.jar;D:\maven\Localwarehouse\org\springframework\boot\spring-boot-starter-data-redis\2.6.2\spring-boot-starter-data-redis-2.6.2.jar;D:\maven\Localwarehouse\org\springframework\data\spring-data-redis\2.6.0\spring-data-redis-2.6.0.jar;D:\maven\Localwarehouse\org\springframework\data\spring-data-keyvalue\2.6.0\spring-data-keyvalue-2.6.0.jar;D:\maven\Localwarehouse\org\springframework\data\spring-data-commons\2.6.0\spring-data-commons-2.6.0.jar;D:\maven\Localwarehouse\org\springframework\spring-tx\5.3.14\spring-tx-5.3.14.jar;D:\maven\Localwarehouse\org\springframework\spring-oxm\5.3.14\spring-oxm-5.3.14.jar;D:\maven\Localwarehouse\org\springframework\spring-context-support\5.3.14\spring-context-support-5.3.14.jar;D:\maven\Localwarehouse\io\lettuce\lettuce-core\6.1.5.RELEASE\lettuce-core-6.1.5.RELEASE.jar;D:\maven\Localwarehouse\io\netty\netty-common\4.1.72.Final\netty-common-4.1.72.Final.jar;D:\maven\Localwarehouse\io\netty\netty-handler\4.1.72.Final\netty-handler-4.1.72.Final.jar;D:\maven\Localwarehouse\io\netty\netty-resolver\4.1.72.Final\netty-resolver-4.1.72.Final.jar;D:\maven\Localwarehouse\io\netty\netty-buffer\4.1.72.Final\netty-buffer-4.1.72.Final.jar;D:\maven\Localwarehouse\io\netty\netty-codec\4.1.72.Final\netty-codec-4.1.72.Final.jar;D:\maven\Localwarehouse\io\netty\netty-tcnative-classes\2.0.46.Final\netty-tcnative-classes-2.0.46.Final.jar;D:\maven\Localwarehouse\io\netty\netty-transport\4.1.72.Final\netty-transport-4.1.72.Final.jar;D:\maven\Localwarehouse\io\projectreactor\reactor-core\3.4.13\reactor-core-3.4.13.jar;D:\maven\Localwarehouse\org\reactivestreams\reactive-streams\1.0.3\reactive-streams-1.0.3.jar;D:\maven\Localwarehouse\org\apache\commons\commons-pool2\2.11.1\commons-pool2-2.11.1.jar;"/>
    <property name="java.vm.vendor" value="Oracle Corporation"/>
    <property name="sun.arch.data.model" value="64"/>
    <property name="user.variant" value=""/>
    <property name="java.vendor.url" value="http://java.oracle.com/"/>
    <property name="user.timezone" value="Asia/Shanghai"/>
    <property name="java.vm.specification.version" value="1.8"/>
    <property name="os.name" value="Windows 10"/>
    <property name="user.country" value="CN"/>
    <property name="sun.java.launcher" value="SUN_STANDARD"/>
    <property name="sun.boot.library.path" value="D:\JavaJDK\jre\bin"/>
    <property name="sun.java.command" value="C:\Users\HP\AppData\Local\Temp\surefire2602379885855370683\surefirebooter1820145874577817708.jar C:\Users\HP\AppData\Local\Temp\surefire2602379885855370683 2022-03-14T18-28-17_261-jvmRun1 surefire4462339057618963341tmp surefire_02175215368462773554tmp"/>
    <property name="surefire.test.class.path" value="D:\Javaproject\seckill-demo\target\test-classes;D:\Javaproject\seckill-demo\target\classes;D:\maven\Localwarehouse\org\springframework\boot\spring-boot-starter-thymeleaf\2.6.2\spring-boot-starter-thymeleaf-2.6.2.jar;D:\maven\Localwarehouse\org\springframework\boot\spring-boot-starter\2.6.2\spring-boot-starter-2.6.2.jar;D:\maven\Localwarehouse\org\springframework\boot\spring-boot-starter-logging\2.6.2\spring-boot-starter-logging-2.6.2.jar;D:\maven\Localwarehouse\ch\qos\logback\logback-classic\1.2.9\logback-classic-1.2.9.jar;D:\maven\Localwarehouse\ch\qos\logback\logback-core\1.2.9\logback-core-1.2.9.jar;D:\maven\Localwarehouse\org\apache\logging\log4j\log4j-to-slf4j\2.17.0\log4j-to-slf4j-2.17.0.jar;D:\maven\Localwarehouse\org\apache\logging\log4j\log4j-api\2.17.0\log4j-api-2.17.0.jar;D:\maven\Localwarehouse\org\slf4j\jul-to-slf4j\1.7.32\jul-to-slf4j-1.7.32.jar;D:\maven\Localwarehouse\jakarta\annotation\jakarta.annotation-api\1.3.5\jakarta.annotation-api-1.3.5.jar;D:\maven\Localwarehouse\org\yaml\snakeyaml\1.29\snakeyaml-1.29.jar;D:\maven\Localwarehouse\org\thymeleaf\thymeleaf-spring5\3.0.14.RELEASE\thymeleaf-spring5-3.0.14.RELEASE.jar;D:\maven\Localwarehouse\org\thymeleaf\thymeleaf\3.0.14.RELEASE\thymeleaf-3.0.14.RELEASE.jar;D:\maven\Localwarehouse\org\attoparser\attoparser\2.0.5.RELEASE\attoparser-2.0.5.RELEASE.jar;D:\maven\Localwarehouse\org\unbescape\unbescape\1.1.6.RELEASE\unbescape-1.1.6.RELEASE.jar;D:\maven\Localwarehouse\org\slf4j\slf4j-api\1.7.32\slf4j-api-1.7.32.jar;D:\maven\Localwarehouse\org\thymeleaf\extras\thymeleaf-extras-java8time\3.0.4.RELEASE\thymeleaf-extras-java8time-3.0.4.RELEASE.jar;D:\maven\Localwarehouse\org\springframework\boot\spring-boot-starter-web\2.6.2\spring-boot-starter-web-2.6.2.jar;D:\maven\Localwarehouse\org\springframework\boot\spring-boot-starter-json\2.6.2\spring-boot-starter-json-2.6.2.jar;D:\maven\Localwarehouse\com\fasterxml\jackson\core\jackson-databind\2.13.1\jackson-databind-2.13.1.jar;D:\maven\Localwarehouse\com\fasterxml\jackson\core\jackson-annotations\2.13.1\jackson-annotations-2.13.1.jar;D:\maven\Localwarehouse\com\fasterxml\jackson\core\jackson-core\2.13.1\jackson-core-2.13.1.jar;D:\maven\Localwarehouse\com\fasterxml\jackson\datatype\jackson-datatype-jdk8\2.13.1\jackson-datatype-jdk8-2.13.1.jar;D:\maven\Localwarehouse\com\fasterxml\jackson\datatype\jackson-datatype-jsr310\2.13.1\jackson-datatype-jsr310-2.13.1.jar;D:\maven\Localwarehouse\com\fasterxml\jackson\module\jackson-module-parameter-names\2.13.1\jackson-module-parameter-names-2.13.1.jar;D:\maven\Localwarehouse\org\springframework\boot\spring-boot-starter-tomcat\2.6.2\spring-boot-starter-tomcat-2.6.2.jar;D:\maven\Localwarehouse\org\apache\tomcat\embed\tomcat-embed-core\9.0.56\tomcat-embed-core-9.0.56.jar;D:\maven\Localwarehouse\org\apache\tomcat\embed\tomcat-embed-websocket\9.0.56\tomcat-embed-websocket-9.0.56.jar;D:\maven\Localwarehouse\org\springframework\spring-web\5.3.14\spring-web-5.3.14.jar;D:\maven\Localwarehouse\org\springframework\spring-beans\5.3.14\spring-beans-5.3.14.jar;D:\maven\Localwarehouse\org\springframework\spring-webmvc\5.3.14\spring-webmvc-5.3.14.jar;D:\maven\Localwarehouse\org\springframework\spring-aop\5.3.14\spring-aop-5.3.14.jar;D:\maven\Localwarehouse\org\springframework\spring-context\5.3.14\spring-context-5.3.14.jar;D:\maven\Localwarehouse\org\springframework\spring-expression\5.3.14\spring-expression-5.3.14.jar;D:\maven\Localwarehouse\org\springframework\boot\spring-boot-devtools\2.6.2\spring-boot-devtools-2.6.2.jar;D:\maven\Localwarehouse\org\springframework\boot\spring-boot\2.6.2\spring-boot-2.6.2.jar;D:\maven\Localwarehouse\org\springframework\boot\spring-boot-autoconfigure\2.6.2\spring-boot-autoconfigure-2.6.2.jar;D:\maven\Localwarehouse\mysql\mysql-connector-java\8.0.27\mysql-connector-java-8.0.27.jar;D:\maven\Localwarehouse\org\springframework\boot\spring-boot-configuration-processor\2.6.2\spring-boot-configuration-processor-2.6.2.jar;D:\maven\Localwarehouse\org\projectlombok\lombok\1.18.22\lombok-1.18.22.jar;D:\maven\Localwarehouse\org\springframework\boot\spring-boot-starter-test\2.6.2\spring-boot-starter-test-2.6.2.jar;D:\maven\Localwarehouse\org\springframework\boot\spring-boot-test\2.6.2\spring-boot-test-2.6.2.jar;D:\maven\Localwarehouse\org\springframework\boot\spring-boot-test-autoconfigure\2.6.2\spring-boot-test-autoconfigure-2.6.2.jar;D:\maven\Localwarehouse\com\jayway\jsonpath\json-path\2.6.0\json-path-2.6.0.jar;D:\maven\Localwarehouse\net\minidev\json-smart\2.4.7\json-smart-2.4.7.jar;D:\maven\Localwarehouse\net\minidev\accessors-smart\2.4.7\accessors-smart-2.4.7.jar;D:\maven\Localwarehouse\org\ow2\asm\asm\9.1\asm-9.1.jar;D:\maven\Localwarehouse\jakarta\xml\bind\jakarta.xml.bind-api\2.3.3\jakarta.xml.bind-api-2.3.3.jar;D:\maven\Localwarehouse\jakarta\activation\jakarta.activation-api\1.2.2\jakarta.activation-api-1.2.2.jar;D:\maven\Localwarehouse\org\assertj\assertj-core\3.21.0\assertj-core-3.21.0.jar;D:\maven\Localwarehouse\org\hamcrest\hamcrest\2.2\hamcrest-2.2.jar;D:\maven\Localwarehouse\org\junit\jupiter\junit-jupiter\5.8.2\junit-jupiter-5.8.2.jar;D:\maven\Localwarehouse\org\junit\jupiter\junit-jupiter-api\5.8.2\junit-jupiter-api-5.8.2.jar;D:\maven\Localwarehouse\org\opentest4j\opentest4j\1.2.0\opentest4j-1.2.0.jar;D:\maven\Localwarehouse\org\junit\platform\junit-platform-commons\1.8.2\junit-platform-commons-1.8.2.jar;D:\maven\Localwarehouse\org\apiguardian\apiguardian-api\1.1.2\apiguardian-api-1.1.2.jar;D:\maven\Localwarehouse\org\junit\jupiter\junit-jupiter-params\5.8.2\junit-jupiter-params-5.8.2.jar;D:\maven\Localwarehouse\org\junit\jupiter\junit-jupiter-engine\5.8.2\junit-jupiter-engine-5.8.2.jar;D:\maven\Localwarehouse\org\junit\platform\junit-platform-engine\1.8.2\junit-platform-engine-1.8.2.jar;D:\maven\Localwarehouse\org\mockito\mockito-core\4.0.0\mockito-core-4.0.0.jar;D:\maven\Localwarehouse\net\bytebuddy\byte-buddy\1.11.22\byte-buddy-1.11.22.jar;D:\maven\Localwarehouse\net\bytebuddy\byte-buddy-agent\1.11.22\byte-buddy-agent-1.11.22.jar;D:\maven\Localwarehouse\org\objenesis\objenesis\3.2\objenesis-3.2.jar;D:\maven\Localwarehouse\org\mockito\mockito-junit-jupiter\4.0.0\mockito-junit-jupiter-4.0.0.jar;D:\maven\Localwarehouse\org\skyscreamer\jsonassert\1.5.0\jsonassert-1.5.0.jar;D:\maven\Localwarehouse\com\vaadin\external\google\android-json\0.0.20131108.vaadin1\android-json-0.0.20131108.vaadin1.jar;D:\maven\Localwarehouse\org\springframework\spring-core\5.3.14\spring-core-5.3.14.jar;D:\maven\Localwarehouse\org\springframework\spring-jcl\5.3.14\spring-jcl-5.3.14.jar;D:\maven\Localwarehouse\org\springframework\spring-test\5.3.14\spring-test-5.3.14.jar;D:\maven\Localwarehouse\org\xmlunit\xmlunit-core\2.8.4\xmlunit-core-2.8.4.jar;D:\maven\Localwarehouse\com\baomidou\mybatis-plus-boot-starter\3.5.0\mybatis-plus-boot-starter-3.5.0.jar;D:\maven\Localwarehouse\com\baomidou\mybatis-plus\3.5.0\mybatis-plus-3.5.0.jar;D:\maven\Localwarehouse\com\baomidou\mybatis-plus-extension\3.5.0\mybatis-plus-extension-3.5.0.jar;D:\maven\Localwarehouse\com\baomidou\mybatis-plus-core\3.5.0\mybatis-plus-core-3.5.0.jar;D:\maven\Localwarehouse\com\baomidou\mybatis-plus-annotation\3.5.0\mybatis-plus-annotation-3.5.0.jar;D:\maven\Localwarehouse\com\github\jsqlparser\jsqlparser\4.3\jsqlparser-4.3.jar;D:\maven\Localwarehouse\org\mybatis\mybatis\3.5.9\mybatis-3.5.9.jar;D:\maven\Localwarehouse\org\mybatis\mybatis-spring\2.0.6\mybatis-spring-2.0.6.jar;D:\maven\Localwarehouse\org\springframework\boot\spring-boot-starter-jdbc\2.6.2\spring-boot-starter-jdbc-2.6.2.jar;D:\maven\Localwarehouse\com\zaxxer\HikariCP\4.0.3\HikariCP-4.0.3.jar;D:\maven\Localwarehouse\org\springframework\spring-jdbc\5.3.14\spring-jdbc-5.3.14.jar;D:\maven\Localwarehouse\commons-codec\commons-codec\1.15\commons-codec-1.15.jar;D:\maven\Localwarehouse\org\apache\commons\commons-lang3\3.6\commons-lang3-3.6.jar;D:\maven\Localwarehouse\junit\junit\4.13\junit-4.13.jar;D:\maven\Localwarehouse\org\hamcrest\hamcrest-core\2.2\hamcrest-core-2.2.jar;D:\maven\Localwarehouse\org\springframework\boot\spring-boot-starter-validation\2.6.2\spring-boot-starter-validation-2.6.2.jar;D:\maven\Localwarehouse\org\apache\tomcat\embed\tomcat-embed-el\9.0.56\tomcat-embed-el-9.0.56.jar;D:\maven\Localwarehouse\org\hibernate\validator\hibernate-validator\6.2.0.Final\hibernate-validator-6.2.0.Final.jar;D:\maven\Localwarehouse\jakarta\validation\jakarta.validation-api\2.0.2\jakarta.validation-api-2.0.2.jar;D:\maven\Localwarehouse\org\jboss\logging\jboss-logging\3.4.2.Final\jboss-logging-3.4.2.Final.jar;D:\maven\Localwarehouse\com\fasterxml\classmate\1.5.1\classmate-1.5.1.jar;D:\maven\Localwarehouse\org\springframework\boot\spring-boot-starter-data-redis\2.6.2\spring-boot-starter-data-redis-2.6.2.jar;D:\maven\Localwarehouse\org\springframework\data\spring-data-redis\2.6.0\spring-data-redis-2.6.0.jar;D:\maven\Localwarehouse\org\springframework\data\spring-data-keyvalue\2.6.0\spring-data-keyvalue-2.6.0.jar;D:\maven\Localwarehouse\org\springframework\data\spring-data-commons\2.6.0\spring-data-commons-2.6.0.jar;D:\maven\Localwarehouse\org\springframework\spring-tx\5.3.14\spring-tx-5.3.14.jar;D:\maven\Localwarehouse\org\springframework\spring-oxm\5.3.14\spring-oxm-5.3.14.jar;D:\maven\Localwarehouse\org\springframework\spring-context-support\5.3.14\spring-context-support-5.3.14.jar;D:\maven\Localwarehouse\io\lettuce\lettuce-core\6.1.5.RELEASE\lettuce-core-6.1.5.RELEASE.jar;D:\maven\Localwarehouse\io\netty\netty-common\4.1.72.Final\netty-common-4.1.72.Final.jar;D:\maven\Localwarehouse\io\netty\netty-handler\4.1.72.Final\netty-handler-4.1.72.Final.jar;D:\maven\Localwarehouse\io\netty\netty-resolver\4.1.72.Final\netty-resolver-4.1.72.Final.jar;D:\maven\Localwarehouse\io\netty\netty-buffer\4.1.72.Final\netty-buffer-4.1.72.Final.jar;D:\maven\Localwarehouse\io\netty\netty-codec\4.1.72.Final\netty-codec-4.1.72.Final.jar;D:\maven\Localwarehouse\io\netty\netty-tcnative-classes\2.0.46.Final\netty-tcnative-classes-2.0.46.Final.jar;D:\maven\Localwarehouse\io\netty\netty-transport\4.1.72.Final\netty-transport-4.1.72.Final.jar;D:\maven\Localwarehouse\io\projectreactor\reactor-core\3.4.13\reactor-core-3.4.13.jar;D:\maven\Localwarehouse\org\reactivestreams\reactive-streams\1.0.3\reactive-streams-1.0.3.jar;D:\maven\Localwarehouse\org\apache\commons\commons-pool2\2.11.1\commons-pool2-2.11.1.jar;"/>
    <property name="sun.cpu.endian" value="little"/>
    <property name="user.home" value="C:\Users\HP"/>
    <property name="user.language" value="zh"/>
    <property name="java.specification.vendor" value="Oracle Corporation"/>
    <property name="java.home" value="D:\JavaJDK\jre"/>
    <property name="basedir" value="D:\Javaproject\seckill-demo"/>
    <property name="file.separator" value="\"/>
    <property name="line.separator" value="&#10;"/>
    <property name="java.vm.specification.vendor" value="Oracle Corporation"/>
    <property name="java.specification.name" value="Java Platform API Specification"/>
    <property name="java.awt.graphicsenv" value="sun.awt.Win32GraphicsEnvironment"/>
    <property name="surefire.real.class.path" value="C:\Users\HP\AppData\Local\Temp\surefire2602379885855370683\surefirebooter1820145874577817708.jar"/>
    <property name="sun.boot.class.path" value="D:\JavaJDK\jre\lib\resources.jar;D:\JavaJDK\jre\lib\rt.jar;D:\JavaJDK\jre\lib\sunrsasign.jar;D:\JavaJDK\jre\lib\jsse.jar;D:\JavaJDK\jre\lib\jce.jar;D:\JavaJDK\jre\lib\charsets.jar;D:\JavaJDK\jre\lib\jfr.jar;D:\JavaJDK\jre\classes"/>
    <property name="user.script" value=""/>
    <property name="sun.management.compiler" value="HotSpot 64-Bit Tiered Compilers"/>
    <property name="java.runtime.version" value="1.8.0_311-b11"/>
    <property name="user.name" value="HP"/>
    <property name="path.separator" value=";"/>
    <property name="os.version" value="10.0"/>
    <property name="java.endorsed.dirs" value="D:\JavaJDK\jre\lib\endorsed"/>
    <property name="java.runtime.name" value="Java(TM) SE Runtime Environment"/>
    <property name="file.encoding" value="GBK"/>
    <property name="java.vm.name" value="Java HotSpot(TM) 64-Bit Server VM"/>
    <property name="localRepository" value="D:\maven\Localwarehouse"/>
    <property name="java.vendor.url.bug" value="http://bugreport.sun.com/bugreport/"/>
    <property name="java.io.tmpdir" value="C:\Users\HP\AppData\Local\Temp\"/>
    <property name="idea.version" value="2021.2"/>
    <property name="java.version" value="1.8.0_311"/>
    <property name="user.dir" value="D:\Javaproject\seckill-demo"/>
    <property name="os.arch" value="amd64"/>
    <property name="java.vm.specification.name" value="Java Virtual Machine Specification"/>
    <property name="java.awt.printerjob" value="sun.awt.windows.WPrinterJob"/>
    <property name="sun.os.patch.level" value=""/>
    <property name="java.library.path" value="D:\JavaJDK\jre\bin;C:\Windows\Sun\Java\bin;C:\Windows\system32;C:\Windows;D:\JavaJDK\bin;D:\JavaJDK\jre\bin;C:\Program Files\Common Files\Oracle\Java\javapath;E:\VMware\bin\;C:\Windows\system32;C:\Windows;C:\Windows\System32\Wbem;C:\Windows\System32\WindowsPowerShell\v1.0\;C:\Windows\System32\OpenSSH\;E:\Xshell 7\;E:\GO\bin;C:\Program Files\Git\cmd;D:\goproject\bin;C:\Users\HP\AppData\Local\Microsoft\WindowsApps;C:\Users\HP\go\bin;E:\IntelliJ IDEA 2021.2\bin;;E:\PyCharm 2021.2\bin;;D:\goproject\bin;E:\GO\bin;D:\maven\apache-maven-3.8.3\bin;;."/>
    <property name="java.vm.info" value="mixed mode"/>
    <property name="java.vendor" value="Oracle Corporation"/>
    <property name="java.vm.version" value="25.311-b11"/>
    <property name="java.ext.dirs" value="D:\JavaJDK\jre\lib\ext;C:\Windows\Sun\Java\lib\ext"/>
    <property name="sun.io.unicode.encoding" value="UnicodeLittle"/>
    <property name="java.class.version" value="52.0"/>
  </properties>
  <testcase name="contextLoads" classname="com.hhf.seckilldemo.SeckillDemoApplicationTests" time="0.219"/>
</testsuite>